# JRE version: OpenJDK Runtime Environment Temurin-21.0.10+7 (21.0.10+7) (build 21.0.10+7-LTS)
# Java VM: OpenJDK 64-Bit Server VM Temurin-21.0.10+7 (21.0.10+7-LTS, mixed mode, sharing, tiered, compressed oops, compressed class ptrs, parallel gc, windows-amd64)
GC Precious Log:
 CardTable entry size: 512
 CPUs: 12 total, 12 available
 Memory: 7528M
 Large Page Support: Disabled
 NUMA Support: Disabled
 Compressed Oops: Enabled (32-bit)
 Alignments: Space 512K, Generation 512K, Heap 2M
 Heap Min Capacity: 100M
 Heap Initial Capacity: 100M
 Heap Max Capacity: 2G
 Pre-touch: Disabled
 Parallel Workers: 10
Heap:
 PSYoungGen      total 211968K, used 39266K [0x00000000d5580000, 0x00000000e5800000, 0x0000000100000000)
  eden space 191488K, 9% used [0x00000000d5580000,0x00000000d67f6770,0x00000000e1080000)
  from space 20480K, 99% used [0x00000000e1900000,0x00000000e2ce2420,0x00000000e2d00000)
  to   space 34304K, 0% used [0x00000000e3680000,0x00000000e3680000,0x00000000e5800000)
 ParOldGen       total 685568K, used 598050K [0x0000000080000000, 0x00000000a9d80000, 0x00000000d5580000)
  object space 685568K, 87% used [0x0000000080000000,0x00000000a4808a48,0x00000000a9d80000)
 Metaspace       used 98379K, committed 100224K, reserved 1179648K
  class space    used 9886K, committed 10752K, reserved 1048576K
GC Heap History (20 events):
Event: 6463.958 GC heap before
{Heap before GC invocations=1933 (full 6):
 PSYoungGen      total 104448K, used 97411K [0x00000000d5580000, 0x00000000dd080000, 0x0000000100000000)
  eden space 92672K, 100% used [0x00000000d5580000,0x00000000db000000,0x00000000db000000)
  from space 11776K, 40% used [0x00000000db000000,0x00000000db4a0cf8,0x00000000dbb80000)
  to   space 7168K, 0% used [0x00000000dc980000,0x00000000dc980000,0x00000000dd080000)
 ParOldGen       total 685568K, used 436433K [0x0000000080000000, 0x00000000a9d80000, 0x00000000d5580000)
  object space 685568K, 63% used [0x0000000080000000,0x000000009aa34760,0x00000000a9d80000)
 Metaspace       used 97954K, committed 99776K, reserved 1179648K
  class space    used 9858K, committed 10688K, reserved 1048576K
}
Event: 6464.026 GC heap after
{Heap after GC invocations=1933 (full 6):
 PSYoungGen      total 117760K, used 5696K [0x00000000d5580000, 0x00000000dcf80000, 0x0000000100000000)
  eden space 111616K, 0% used [0x00000000d5580000,0x00000000d5580000,0x00000000dc280000)
  from space 6144K, 92% used [0x00000000dc980000,0x00000000dcf102f8,0x00000000dcf80000)
  to   space 6144K, 0% used [0x00000000dc380000,0x00000000dc380000,0x00000000dc980000)
 ParOldGen       total 685568K, used 440853K [0x0000000080000000, 0x00000000a9d80000, 0x00000000d5580000)
  object space 685568K, 64% used [0x0000000080000000,0x000000009ae85700,0x00000000a9d80000)
 Metaspace       used 97954K, committed 99776K, reserved 1179648K
  class space    used 9858K, committed 10688K, reserved 1048576K
}
Event: 6464.170 GC heap before
{Heap before GC invocations=1934 (full 6):
 PSYoungGen      total 117760K, used 117312K [0x00000000d5580000, 0x00000000dcf80000, 0x0000000100000000)
  eden space 111616K, 100% used [0x00000000d5580000,0x00000000dc280000,0x00000000dc280000)
  from space 6144K, 92% used [0x00000000dc980000,0x00000000dcf102f8,0x00000000dcf80000)
  to   space 6144K, 0% used [0x00000000dc380000,0x00000000dc380000,0x00000000dc980000)
 ParOldGen       total 685568K, used 440855K [0x0000000080000000, 0x00000000a9d80000, 0x00000000d5580000)
  object space 685568K, 64% used [0x0000000080000000,0x000000009ae85c78,0x00000000a9d80000)
 Metaspace       used 97954K, committed 99776K, reserved 1179648K
  class space    used 9858K, committed 10688K, reserved 1048576K
}
Event: 6464.233 GC heap after
{Heap after GC invocations=1934 (full 6):
 PSYoungGen      total 118784K, used 6141K [0x00000000d5580000, 0x00000000df180000, 0x0000000100000000)
  eden space 112640K, 0% used [0x00000000d5580000,0x00000000d5580000,0x00000000dc380000)
  from space 6144K, 99% used [0x00000000dc380000,0x00000000dc97f490,0x00000000dc980000)
  to   space 12800K, 0% used [0x00000000de500000,0x00000000de500000,0x00000000df180000)
 ParOldGen       total 685568K, used 446244K [0x0000000080000000, 0x00000000a9d80000, 0x00000000d5580000)
  object space 685568K, 65% used [0x0000000080000000,0x000000009b3c9098,0x00000000a9d80000)
 Metaspace       used 97954K, committed 99776K, reserved 1179648K
  class space    used 9858K, committed 10688K, reserved 1048576K
}
Event: 6464.377 GC heap before
{Heap before GC invocations=1935 (full 6):
 PSYoungGen      total 118784K, used 118781K [0x00000000d5580000, 0x00000000df180000, 0x0000000100000000)
  eden space 112640K, 100% used [0x00000000d5580000,0x00000000dc380000,0x00000000dc380000)
  from space 6144K, 99% used [0x00000000dc380000,0x00000000dc97f490,0x00000000dc980000)
  to   space 12800K, 0% used [0x00000000de500000,0x00000000de500000,0x00000000df180000)
 ParOldGen       total 685568K, used 446244K [0x0000000080000000, 0x00000000a9d80000, 0x00000000d5580000)
  object space 685568K, 65% used [0x0000000080000000,0x000000009b3c9098,0x00000000a9d80000)
 Metaspace       used 97963K, committed 99776K, reserved 1179648K
  class space    used 9858K, committed 10688K, reserved 1048576K
}
Event: 6464.482 GC heap after
{Heap after GC invocations=1935 (full 6):
 PSYoungGen      total 142848K, used 7398K [0x00000000d5580000, 0x00000000dec80000, 0x0000000100000000)
  eden space 135168K, 0% used [0x00000000d5580000,0x00000000d5580000,0x00000000dd980000)
  from space 7680K, 96% used [0x00000000de500000,0x00000000dec39808,0x00000000dec80000)
  to   space 9216K, 0% used [0x00000000dda80000,0x00000000dda80000,0x00000000de380000)
 ParOldGen       total 685568K, used 451783K [0x0000000080000000, 0x00000000a9d80000, 0x00000000d5580000)
  object space 685568K, 65% used [0x0000000080000000,0x000000009b931ed0,0x00000000a9d80000)
 Metaspace       used 97963K, committed 99776K, reserved 1179648K
  class space    used 9858K, committed 10688K, reserved 1048576K
}
Event: 6464.871 GC heap before
{Heap before GC invocations=1936 (full 6):
 PSYoungGen      total 142848K, used 142566K [0x00000000d5580000, 0x00000000dec80000, 0x0000000100000000)
  eden space 135168K, 100% used [0x00000000d5580000,0x00000000dd980000,0x00000000dd980000)
  from space 7680K, 96% used [0x00000000de500000,0x00000000dec39808,0x00000000dec80000)
  to   space 9216K, 0% used [0x00000000dda80000,0x00000000dda80000,0x00000000de380000)
 ParOldGen       total 685568K, used 451783K [0x0000000080000000, 0x00000000a9d80000, 0x00000000d5580000)
  object space 685568K, 65% used [0x0000000080000000,0x000000009b931ed0,0x00000000a9d80000)
 Metaspace       used 97972K, committed 99840K, reserved 1179648K
  class space    used 9858K, committed 10688K, reserved 1048576K
}
Event: 6465.545 GC heap after
{Heap after GC invocations=1936 (full 6):
 PSYoungGen      total 145408K, used 9189K [0x00000000d5580000, 0x00000000e2200000, 0x0000000100000000)
  eden space 136192K, 0% used [0x00000000d5580000,0x00000000d5580000,0x00000000dda80000)
  from space 9216K, 99% used [0x00000000dda80000,0x00000000de3794e0,0x00000000de380000)
  to   space 23552K, 0% used [0x00000000e0b00000,0x00000000e0b00000,0x00000000e2200000)
 ParOldGen       total 685568K, used 463474K [0x0000000080000000, 0x00000000a9d80000, 0x00000000d5580000)
  object space 685568K, 67% used [0x0000000080000000,0x000000009c49c8d0,0x00000000a9d80000)
 Metaspace       used 97972K, committed 99840K, reserved 1179648K
  class space    used 9858K, committed 10688K, reserved 1048576K
}
Event: 6466.195 GC heap before
{Heap before GC invocations=1937 (full 6):
 PSYoungGen      total 145408K, used 145381K [0x00000000d5580000, 0x00000000e2200000, 0x0000000100000000)
  eden space 136192K, 100% used [0x00000000d5580000,0x00000000dda80000,0x00000000dda80000)
  from space 9216K, 99% used [0x00000000dda80000,0x00000000de3794e0,0x00000000de380000)
  to   space 23552K, 0% used [0x00000000e0b00000,0x00000000e0b00000,0x00000000e2200000)
 ParOldGen       total 685568K, used 463474K [0x0000000080000000, 0x00000000a9d80000, 0x00000000d5580000)
  object space 685568K, 67% used [0x0000000080000000,0x000000009c49c8d0,0x00000000a9d80000)
 Metaspace       used 97978K, committed 99840K, reserved 1179648K
  class space    used 9858K, committed 10688K, reserved 1048576K
}
Event: 6466.356 GC heap after
{Heap after GC invocations=1937 (full 6):
 PSYoungGen      total 185856K, used 21107K [0x00000000d5580000, 0x00000000e2080000, 0x0000000100000000)
  eden space 163840K, 0% used [0x00000000d5580000,0x00000000d5580000,0x00000000df580000)
  from space 22016K, 95% used [0x00000000e0b00000,0x00000000e1f9cf88,0x00000000e2080000)
  to   space 22016K, 0% used [0x00000000df580000,0x00000000df580000,0x00000000e0b00000)
 ParOldGen       total 685568K, used 472200K [0x0000000080000000, 0x00000000a9d80000, 0x00000000d5580000)
  object space 685568K, 68% used [0x0000000080000000,0x000000009cd22240,0x00000000a9d80000)
 Metaspace       used 97978K, committed 99840K, reserved 1179648K
  class space    used 9858K, committed 10688K, reserved 1048576K
}
Event: 6467.073 GC heap before
{Heap before GC invocations=1938 (full 6):
 PSYoungGen      total 185856K, used 184947K [0x00000000d5580000, 0x00000000e2080000, 0x0000000100000000)
  eden space 163840K, 100% used [0x00000000d5580000,0x00000000df580000,0x00000000df580000)
  from space 22016K, 95% used [0x00000000e0b00000,0x00000000e1f9cf88,0x00000000e2080000)
  to   space 22016K, 0% used [0x00000000df580000,0x00000000df580000,0x00000000e0b00000)
 ParOldGen       total 685568K, used 472200K [0x0000000080000000, 0x00000000a9d80000, 0x00000000d5580000)
  object space 685568K, 68% used [0x0000000080000000,0x000000009cd22240,0x00000000a9d80000)
 Metaspace       used 98006K, committed 99840K, reserved 1179648K
  class space    used 9859K, committed 10688K, reserved 1048576K
}
Event: 6467.199 GC heap after
{Heap after GC invocations=1938 (full 6):
 PSYoungGen      total 185856K, used 21988K [0x00000000d5580000, 0x00000000e7880000, 0x0000000100000000)
  eden space 163840K, 0% used [0x00000000d5580000,0x00000000d5580000,0x00000000df580000)
  from space 22016K, 99% used [0x00000000df580000,0x00000000e0af91b8,0x00000000e0b00000)
  to   space 50688K, 0% used [0x00000000e4700000,0x00000000e4700000,0x00000000e7880000)
 ParOldGen       total 685568K, used 496236K [0x0000000080000000, 0x00000000a9d80000, 0x00000000d5580000)
  object space 685568K, 72% used [0x0000000080000000,0x000000009e49b1a8,0x00000000a9d80000)
 Metaspace       used 98006K, committed 99840K, reserved 1179648K
  class space    used 9859K, committed 10688K, reserved 1048576K
}
Event: 6467.817 GC heap before
{Heap before GC invocations=1939 (full 6):
 PSYoungGen      total 185856K, used 185828K [0x00000000d5580000, 0x00000000e7880000, 0x0000000100000000)
  eden space 163840K, 100% used [0x00000000d5580000,0x00000000df580000,0x00000000df580000)
  from space 22016K, 99% used [0x00000000df580000,0x00000000e0af91b8,0x00000000e0b00000)
  to   space 50688K, 0% used [0x00000000e4700000,0x00000000e4700000,0x00000000e7880000)
 ParOldGen       total 685568K, used 496236K [0x0000000080000000, 0x00000000a9d80000, 0x00000000d5580000)
  object space 685568K, 72% used [0x0000000080000000,0x000000009e49b1a8,0x00000000a9d80000)
 Metaspace       used 98335K, committed 100160K, reserved 1179648K
  class space    used 9884K, committed 10688K, reserved 1048576K
}
Event: 6467.905 GC heap after
{Heap after GC invocations=1939 (full 6):
 PSYoungGen      total 220160K, used 23399K [0x00000000d5580000, 0x00000000e5e00000, 0x0000000100000000)
  eden space 196608K, 0% used [0x00000000d5580000,0x00000000d5580000,0x00000000e1580000)
  from space 23552K, 99% used [0x00000000e4700000,0x00000000e5dd9c70,0x00000000e5e00000)
  to   space 31744K, 0% used [0x00000000e2000000,0x00000000e2000000,0x00000000e3f00000)
 ParOldGen       total 685568K, used 517382K [0x0000000080000000, 0x00000000a9d80000, 0x00000000d5580000)
  object space 685568K, 75% used [0x0000000080000000,0x000000009f941980,0x00000000a9d80000)
 Metaspace       used 98335K, committed 100160K, reserved 1179648K
  class space    used 9884K, committed 10688K, reserved 1048576K
}
Event: 6468.745 GC heap before
{Heap before GC invocations=1940 (full 6):
 PSYoungGen      total 220160K, used 220007K [0x00000000d5580000, 0x00000000e5e00000, 0x0000000100000000)
  eden space 196608K, 100% used [0x00000000d5580000,0x00000000e1580000,0x00000000e1580000)
  from space 23552K, 99% used [0x00000000e4700000,0x00000000e5dd9c70,0x00000000e5e00000)
  to   space 31744K, 0% used [0x00000000e2000000,0x00000000e2000000,0x00000000e3f00000)
 ParOldGen       total 685568K, used 517382K [0x0000000080000000, 0x00000000a9d80000, 0x00000000d5580000)
  object space 685568K, 75% used [0x0000000080000000,0x000000009f941980,0x00000000a9d80000)
 Metaspace       used 98363K, committed 100224K, reserved 1179648K
  class space    used 9886K, committed 10752K, reserved 1048576K
}
Event: 6468.913 GC heap after
{Heap after GC invocations=1940 (full 6):
 PSYoungGen      total 239104K, used 27009K [0x00000000d5580000, 0x00000000e7300000, 0x0000000100000000)
  eden space 207360K, 0% used [0x00000000d5580000,0x00000000d5580000,0x00000000e2000000)
  from space 31744K, 85% used [0x00000000e2000000,0x00000000e3a607e0,0x00000000e3f00000)
  to   space 28160K, 0% used [0x00000000e5780000,0x00000000e5780000,0x00000000e7300000)
 ParOldGen       total 685568K, used 540323K [0x0000000080000000, 0x00000000a9d80000, 0x00000000d5580000)
  object space 685568K, 78% used [0x0000000080000000,0x00000000a0fa8c18,0x00000000a9d80000)
 Metaspace       used 98363K, committed 100224K, reserved 1179648K
  class space    used 9886K, committed 10752K, reserved 1048576K
}
Event: 6469.642 GC heap before
{Heap before GC invocations=1941 (full 6):
 PSYoungGen      total 239104K, used 234369K [0x00000000d5580000, 0x00000000e7300000, 0x0000000100000000)
  eden space 207360K, 100% used [0x00000000d5580000,0x00000000e2000000,0x00000000e2000000)
  from space 31744K, 85% used [0x00000000e2000000,0x00000000e3a607e0,0x00000000e3f00000)
  to   space 28160K, 0% used [0x00000000e5780000,0x00000000e5780000,0x00000000e7300000)
 ParOldGen       total 685568K, used 540323K [0x0000000080000000, 0x00000000a9d80000, 0x00000000d5580000)
  object space 685568K, 78% used [0x0000000080000000,0x00000000a0fa8c18,0x00000000a9d80000)
 Metaspace       used 98363K, committed 100224K, reserved 1179648K
  class space    used 9886K, committed 10752K, reserved 1048576K
}
Event: 6469.753 GC heap after
{Heap after GC invocations=1941 (full 6):
 PSYoungGen      total 228352K, used 28157K [0x00000000d5580000, 0x00000000ec580000, 0x0000000100000000)
  eden space 200192K, 0% used [0x00000000d5580000,0x00000000d5580000,0x00000000e1900000)
  from space 28160K, 99% used [0x00000000e5780000,0x00000000e72ff408,0x00000000e7300000)
  to   space 64000K, 0% used [0x00000000e1900000,0x00000000e1900000,0x00000000e5780000)
 ParOldGen       total 685568K, used 570286K [0x0000000080000000, 0x00000000a9d80000, 0x00000000d5580000)
  object space 685568K, 83% used [0x0000000080000000,0x00000000a2ceb800,0x00000000a9d80000)
 Metaspace       used 98363K, committed 100224K, reserved 1179648K
  class space    used 9886K, committed 10752K, reserved 1048576K
}
Event: 6472.048 GC heap before
{Heap before GC invocations=1942 (full 6):
 PSYoungGen      total 228352K, used 228349K [0x00000000d5580000, 0x00000000ec580000, 0x0000000100000000)
  eden space 200192K, 100% used [0x00000000d5580000,0x00000000e1900000,0x00000000e1900000)
  from space 28160K, 99% used [0x00000000e5780000,0x00000000e72ff408,0x00000000e7300000)
  to   space 64000K, 0% used [0x00000000e1900000,0x00000000e1900000,0x00000000e5780000)
 ParOldGen       total 685568K, used 570286K [0x0000000080000000, 0x00000000a9d80000, 0x00000000d5580000)
  object space 685568K, 83% used [0x0000000080000000,0x00000000a2ceb800,0x00000000a9d80000)
 Metaspace       used 98363K, committed 100224K, reserved 1179648K
  class space    used 9886K, committed 10752K, reserved 1048576K
}
Event: 6472.140 GC heap after
{Heap after GC invocations=1942 (full 6):
 PSYoungGen      total 211968K, used 20361K [0x00000000d5580000, 0x00000000e5800000, 0x0000000100000000)
  eden space 191488K, 0% used [0x00000000d5580000,0x00000000d5580000,0x00000000e1080000)
  from space 20480K, 99% used [0x00000000e1900000,0x00000000e2ce2420,0x00000000e2d00000)
  to   space 34304K, 0% used [0x00000000e3680000,0x00000000e3680000,0x00000000e5800000)
 ParOldGen       total 685568K, used 598050K [0x0000000080000000, 0x00000000a9d80000, 0x00000000d5580000)
  object space 685568K, 87% used [0x0000000080000000,0x00000000a4808a48,0x00000000a9d80000)
 Metaspace       used 98363K, committed 100224K, reserved 1179648K
  class space    used 9886K, committed 10752K, reserved 1048576K
}

